"../../../Hex/Content/StarterContent/Audio/Fire01.uasset" 0
"../../../Hex/Content/StarterContent/Audio/Fire01_Cue.uasset" 1
"../../../Hex/Content/StarterContent/Textures/T_Fire_SubUV.uasset" 2
"../../../Hex/Content/StarterContent/Textures/T_Fire_Tiled_D.uasset" 3
"../../../Hex/Content/StarterContent/Particles/Materials/M_Fire_SubUV.uasset" 4
"../../../Hex/Content/StarterContent/Textures/T_Water_N.uasset" 5
"../../../Hex/Content/StarterContent/Particles/Materials/M_Heat_Distortion.uasset" 6
"../../../Engine/Content/Functions/Engine_MaterialFunctions01/Gradient/RadialGradient.uasset" 7
"../../../Hex/Content/StarterContent/Particles/Materials/M_Radial_Gradient.uasset" 8
"../../../Hex/Content/StarterContent/Textures/T_Smoke_SubUV.uasset" 9
"../../../Hex/Content/StarterContent/Textures/T_Smoke_Tiled_D.uasset" 10
"../../../Hex/Content/StarterContent/Particles/Materials/M_smoke_subUV.uasset" 11
"../../../Hex/Content/StarterContent/Particles/P_Fire.uasset" 12
"../../../Hex/Content/StarterContent/Blueprints/Blueprint_Effect_Fire.uasset" 13
"../../../Hex/Content/StarterContent/Audio/Smoke01.uasset" 14
"../../../Hex/Content/StarterContent/Audio/Smoke01_Cue.uasset" 15
"../../../Hex/Content/StarterContent/Particles/P_Smoke.uasset" 16
"../../../Hex/Content/StarterContent/Blueprints/Blueprint_Effect_Smoke.uasset" 17
"../../../Hex/Content/StarterContent/Audio/Fire_Sparks01.uasset" 18
"../../../Hex/Content/StarterContent/Audio/Fire_Sparks01_Cue.uasset" 19
"../../../Hex/Content/StarterContent/Textures/T_Spark_Core.uasset" 20
"../../../Hex/Content/StarterContent/Particles/Materials/M_Spark.uasset" 21
"../../../Hex/Content/StarterContent/Particles/P_Sparks.uasset" 22
"../../../Hex/Content/StarterContent/Blueprints/Blueprint_Effect_Sparks.uasset" 23
"../../../Hex/Content/StarterContent/Audio/Steam01.uasset" 24
"../../../Hex/Content/StarterContent/Audio/Steam01_Cue.uasset" 25
"../../../Hex/Content/StarterContent/Particles/P_Steam_Lit.uasset" 26
"../../../Hex/Content/StarterContent/Blueprints/Blueprint_Effect_Steam.uasset" 27
"../../../Engine/Content/EditorBlueprintResources/StandardMacros.uasset" 28
"../../../Engine/Content/EngineSky/C_Sky_Cloud_Color.uasset" 29
"../../../Engine/Content/EngineSky/C_Sky_Horizon_Color.uasset" 30
"../../../Engine/Content/EngineSky/C_Sky_Zenith_Color.uasset" 31
"../../../Engine/Content/EngineSky/T_Sky_Blue.uasset" 32
"../../../Engine/Content/EngineSky/T_Sky_Clouds_M.uasset" 33
"../../../Engine/Content/EngineSky/T_Sky_Stars.uasset" 34
"../../../Engine/Content/EngineSky/SM_SkySphere.uasset" 35
"../../../Engine/Content/EngineSky/M_Sky_Panning_Clouds2.uasset" 36
"../../../Engine/Content/EngineSky/BP_Sky_Sphere.uasset" 37
"../../../Hex/Content/StarterContent/Textures/T_Lamp_M.uasset" 38
"../../../Hex/Content/StarterContent/Textures/T_Lamp_N.uasset" 39
"../../../Hex/Content/StarterContent/Props/Materials/M_Lamp.uasset" 40
"../../../Hex/Content/StarterContent/Props/SM_Lamp_Ceiling.uasset" 41
"../../../Hex/Content/StarterContent/Blueprints/Blueprint_CeilingLight.uasset" 42
"../../../Hex/Content/StarterContent/Props/SM_Lamp_Wall.uasset" 43
"../../../Hex/Content/StarterContent/Blueprints/Blueprint_WallSconce.uasset" 44
"../../../Engine/Content/EngineFonts/RobotoDistanceField.uasset" 45
"../../../Engine/Content/Functions/Engine_MaterialFunctions03/Procedurals/ComputeFilterWidth.uasset" 46
"../../../Engine/Content/EngineMaterials/AntiAliasedTextMaterialTranslucent.uasset" 47
"../../../Engine/Content/Functions/Engine_MaterialFunctions01/Opacity/CameraDepthFade.uasset" 48
"../../../Engine/Content/EngineMaterials/T_Default_Material_Grid_M.uasset" 49
"../../../Engine/Content/EngineMaterials/T_Default_Material_Grid_N.uasset" 50
"../../../Engine/Content/EngineMaterials/WorldGridMaterial.uasset" 51
"../../../Hex/Content/StarterContent/Textures/T_Brick_Clay_Beveled_D.uasset" 52
"../../../Hex/Content/StarterContent/Textures/T_Brick_Clay_Beveled_M.uasset" 53
"../../../Hex/Content/StarterContent/Textures/T_Brick_Clay_Beveled_N.uasset" 54
"../../../Hex/Content/StarterContent/Textures/T_MacroVariation.uasset" 55
"../../../Hex/Content/StarterContent/Materials/M_Brick_Clay_Beveled.uasset" 56
"../../../Hex/Content/StarterContent/Textures/T_Brick_Clay_New_D.uasset" 57
"../../../Hex/Content/StarterContent/Textures/T_Brick_Clay_New_M.uasset" 58
"../../../Hex/Content/StarterContent/Textures/T_Brick_Clay_New_N.uasset" 59
"../../../Hex/Content/StarterContent/Textures/T_Detail_Rocky_N.uasset" 60
"../../../Hex/Content/StarterContent/Materials/M_Brick_Clay_New.uasset" 61
"../../../Hex/Content/StarterContent/Textures/T_Brick_Clay_Old_D.uasset" 62
"../../../Hex/Content/StarterContent/Textures/T_Brick_Clay_Old_N.uasset" 63
"../../../Hex/Content/StarterContent/Textures/T_Perlin_Noise_M.uasset" 64
"../../../Hex/Content/StarterContent/Materials/M_Brick_Clay_Old.uasset" 65
"../../../Hex/Content/StarterContent/Textures/T_Brick_Cut_Stone_D.uasset" 66
"../../../Hex/Content/StarterContent/Textures/T_Brick_Cut_Stone_N.uasset" 67
"../../../Hex/Content/StarterContent/Materials/M_Brick_Cut_Stone.uasset" 68
"../../../Hex/Content/StarterContent/Textures/T_Brick_Hewn_Stone_D.uasset" 69
"../../../Hex/Content/StarterContent/Textures/T_Brick_Hewn_Stone_M.uasset" 70
"../../../Hex/Content/StarterContent/Textures/T_Brick_Hewn_Stone_N.uasset" 71
"../../../Hex/Content/StarterContent/Materials/M_Brick_Hewn_Stone.uasset" 72
"../../../Hex/Content/StarterContent/Textures/T_Ceramic_Tile_M.uasset" 73
"../../../Hex/Content/StarterContent/Textures/T_Ceramic_Tile_N.uasset" 74
"../../../Hex/Content/StarterContent/Textures/T_Rock_Marble_Polished_D.uasset" 75
"../../../Hex/Content/StarterContent/Materials/M_Ceramic_Tile_Checker.uasset" 76
"../../../Hex/Content/StarterContent/Textures/T_CobbleStone_Pebble_D.uasset" 77
"../../../Hex/Content/StarterContent/Textures/T_CobbleStone_Pebble_M.uasset" 78
"../../../Hex/Content/StarterContent/Textures/T_CobbleStone_Pebble_N.uasset" 79
"../../../Hex/Content/StarterContent/Materials/M_CobbleStone_Pebble.uasset" 80
"../../../Hex/Content/StarterContent/Textures/T_CobbleStone_Rough_D.uasset" 81
"../../../Hex/Content/StarterContent/Textures/T_CobbleStone_Rough_N.uasset" 82
"../../../Hex/Content/StarterContent/Textures/T_Gradinet_01.uasset" 83
"../../../Hex/Content/StarterContent/Textures/T_Rock_Smooth_Granite_D.uasset" 84
"../../../Hex/Content/StarterContent/Materials/M_CobbleStone_Rough.uasset" 85
"../../../Hex/Content/StarterContent/Textures/T_CobbleStone_Smooth_D.uasset" 86
"../../../Hex/Content/StarterContent/Textures/T_CobbleStone_Smooth_M.uasset" 87
"../../../Hex/Content/StarterContent/Textures/T_CobbleStone_Smooth_N.uasset" 88
"../../../Hex/Content/StarterContent/Materials/M_CobbleStone_Smooth.uasset" 89
"../../../Hex/Content/StarterContent/Textures/T_Concrete_Grime_D.uasset" 90
"../../../Hex/Content/StarterContent/Textures/T_Metal_Rust_N.uasset" 91
"../../../Hex/Content/StarterContent/Materials/M_Concrete_Grime.uasset" 92
"../../../Hex/Content/StarterContent/Textures/T_Concrete_Panels_D.uasset" 93
"../../../Hex/Content/StarterContent/Textures/T_Concrete_Panels_N.uasset" 94
"../../../Hex/Content/StarterContent/Materials/M_Concrete_Panels.uasset" 95
"../../../Hex/Content/StarterContent/Textures/T_Concrete_Poured_D.uasset" 96
"../../../Hex/Content/StarterContent/Textures/T_Concrete_Poured_N.uasset" 97
"../../../Hex/Content/StarterContent/Materials/M_Concrete_Poured.uasset" 98
"../../../Hex/Content/StarterContent/Textures/T_Concrete_Tiles_D.uasset" 99
"../../../Hex/Content/StarterContent/Textures/T_Concrete_Tiles_M.uasset" 100
"../../../Hex/Content/StarterContent/Textures/T_Concrete_Tiles_N.uasset" 101
"../../../Hex/Content/StarterContent/Textures/T_Concrete_Tiles_Variation_M.uasset" 102
"../../../Hex/Content/StarterContent/Materials/M_Concrete_Tiles.uasset" 103
"../../../Hex/Content/StarterContent/Textures/T_Ground_Grass_D.uasset" 104
"../../../Hex/Content/StarterContent/Textures/T_Ground_Grass_N.uasset" 105
"../../../Hex/Content/StarterContent/Materials/M_Ground_Grass.uasset" 106
"../../../Hex/Content/StarterContent/Textures/T_Ground_Gravel_D.uasset" 107
"../../../Hex/Content/StarterContent/Textures/T_Ground_Gravel_N.uasset" 108
"../../../Hex/Content/StarterContent/Materials/M_Ground_Gravel.uasset" 109
"../../../Hex/Content/StarterContent/Textures/T_ground_Moss_D.uasset" 110
"../../../Hex/Content/StarterContent/Textures/T_Ground_Moss_N.uasset" 111
"../../../Hex/Content/StarterContent/Materials/M_Ground_Moss.uasset" 112
"../../../Hex/Content/StarterContent/Materials/M_Metal_Brushed_Nickel.uasset" 113
"../../../Hex/Content/StarterContent/Textures/T_Metal_Aluminum_D.uasset" 114
"../../../Hex/Content/StarterContent/Textures/T_Metal_Gold_N.uasset" 115
"../../../Hex/Content/StarterContent/Materials/M_Metal_Burnished_Steel.uasset" 116
"../../../Hex/Content/StarterContent/Materials/M_Metal_Chrome.uasset" 117
"../../../Hex/Content/StarterContent/Textures/T_Metal_Copper_D.uasset" 118
"../../../Hex/Content/StarterContent/Materials/M_Metal_Copper.uasset" 119
"../../../Hex/Content/StarterContent/Textures/T_Metal_Gold_D.uasset" 120
"../../../Hex/Content/StarterContent/Materials/M_Metal_Gold.uasset" 121
"../../../Engine/Content/Functions/Engine_MaterialFunctions02/Utility/BlendAngleCorrectedNormals.uasset" 122
"../../../Hex/Content/StarterContent/Textures/T_Metal_Rust_D.uasset" 123
"../../../Hex/Content/StarterContent/Materials/M_Metal_Rust.uasset" 124
"../../../Hex/Content/StarterContent/Textures/T_Metal_Steel_D.uasset" 125
"../../../Hex/Content/StarterContent/Textures/T_Metal_Steel_N.uasset" 126
"../../../Hex/Content/StarterContent/Materials/M_Metal_Steel.uasset" 127
"../../../Hex/Content/StarterContent/Textures/T_Rock_Basalt_D.uasset" 128
"../../../Hex/Content/StarterContent/Textures/T_Rock_Basalt_N.uasset" 129
"../../../Hex/Content/StarterContent/Materials/M_Rock_Basalt.uasset" 130
"../../../Hex/Content/StarterContent/Materials/M_Rock_Marble_Polished.uasset" 131
"../../../Hex/Content/StarterContent/Textures/T_Rock_Sandstone_D.uasset" 132
"../../../Hex/Content/StarterContent/Textures/T_Rock_Sandstone_N.uasset" 133
"../../../Hex/Content/StarterContent/Materials/M_Rock_Sandstone.uasset" 134
"../../../Hex/Content/StarterContent/Textures/T_Rock_Slate_D.uasset" 135
"../../../Hex/Content/StarterContent/Textures/T_Rock_Slate_N.uasset" 136
"../../../Hex/Content/StarterContent/Materials/M_Rock_Slate.uasset" 137
"../../../Hex/Content/StarterContent/Textures/T_Checker_Noise_M.uasset" 138
"../../../Hex/Content/StarterContent/Textures/T_Single_Tile_N.uasset" 139
"../../../Hex/Content/StarterContent/Textures/T_Tech_Dot_M.uasset" 140
"../../../Hex/Content/StarterContent/Textures/T_Tech_Dot_N.uasset" 141
"../../../Hex/Content/StarterContent/Materials/M_Tech_Checker_Dot.uasset" 142
"../../../Hex/Content/StarterContent/Textures/T_Tech_Hex_Tile_M.uasset" 143
"../../../Hex/Content/StarterContent/Textures/T_Tech_Hex_Tile_N.uasset" 144
"../../../Hex/Content/StarterContent/Materials/M_Tech_Hex_Tile.uasset" 145
"../../../Hex/Content/StarterContent/Materials/M_Tech_Hex_Tile_Pulse.uasset" 146
"../../../Hex/Content/StarterContent/Textures/T_Tech_Panel_M.uasset" 147
"../../../Hex/Content/StarterContent/Textures/T_Tech_Panel_N.uasset" 148
"../../../Hex/Content/StarterContent/Materials/M_Tech_Panel.uasset" 149
"../../../Hex/Content/StarterContent/Materials/M_Water_Lake.uasset" 150
"../../../Hex/Content/StarterContent/Textures/T_Water_M.uasset" 151
"../../../Hex/Content/StarterContent/Materials/M_Water_Ocean.uasset" 152
"../../../Hex/Content/StarterContent/Textures/T_Wood_Floor_Walnut_D.uasset" 153
"../../../Hex/Content/StarterContent/Textures/T_Wood_Floor_Walnut_M.uasset" 154
"../../../Hex/Content/StarterContent/Textures/T_Wood_Floor_Walnut_N.uasset" 155
"../../../Hex/Content/StarterContent/Materials/M_Wood_Floor_Walnut_Polished.uasset" 156
"../../../Engine/Content/Functions/Engine_MaterialFunctions01/Opacity/AlphaOffset.uasset" 157
"../../../Hex/Content/StarterContent/Materials/M_Wood_Floor_Walnut_Worn.uasset" 158
"../../../Hex/Content/StarterContent/Textures/T_Wood_Oak_D.uasset" 159
"../../../Hex/Content/StarterContent/Textures/T_Wood_Oak_N.uasset" 160
"../../../Hex/Content/StarterContent/Materials/M_Wood_Oak.uasset" 161
"../../../Hex/Content/StarterContent/Textures/T_Wood_Pine_D.uasset" 162
"../../../Hex/Content/StarterContent/Textures/T_Wood_Pine_N.uasset" 163
"../../../Hex/Content/StarterContent/Materials/M_Wood_Pine.uasset" 164
"../../../Hex/Content/StarterContent/Textures/T_Wood_Walnut_D.uasset" 165
"../../../Hex/Content/StarterContent/Textures/T_Wood_Walnut_N.uasset" 166
"../../../Hex/Content/StarterContent/Materials/M_Wood_Walnut.uasset" 167
"../../../Hex/Content/StarterContent/Textures/T_Chair_M.uasset" 168
"../../../Hex/Content/StarterContent/Textures/T_Chair_N.uasset" 169
"../../../Hex/Content/StarterContent/Props/Materials/M_Chair.uasset" 170
"../../../Hex/Content/StarterContent/Materials/M_Basic_Floor.uasset" 171
"../../../Hex/Content/StarterContent/Architecture/Floor_400x400.uasset" 172
"../../../Hex/Content/StarterContent/Materials/M_Basic_Wall.uasset" 173
"../../../Hex/Content/StarterContent/Architecture/Wall_400x200.uasset" 174
"../../../Hex/Content/StarterContent/Architecture/Wall_Door_400x300.uasset" 175
"../../../Hex/Content/StarterContent/Architecture/Wall_Window_400x300.uasset" 176
"../../../Hex/Content/StarterContent/Audio/Collapse01.uasset" 177
"../../../Hex/Content/StarterContent/Audio/Collapse02.uasset" 178
"../../../Hex/Content/StarterContent/Audio/Collapse_Cue.uasset" 179
"../../../Hex/Content/StarterContent/Audio/Starter_Birds01.uasset" 180
"../../../Hex/Content/StarterContent/Audio/Starter_Wind05.uasset" 181
"../../../Hex/Content/StarterContent/Audio/Starter_Wind06.uasset" 182
"../../../Hex/Content/StarterContent/Audio/Starter_Background_Cue.uasset" 183
"../../../Hex/Content/StarterContent/Audio/Starter_Music01.uasset" 184
"../../../Hex/Content/StarterContent/Audio/Starter_Music_Cue.uasset" 185
"../../../Hex/Content/StarterContent/Textures/T_Dust_Particle_D.uasset" 186
"../../../Hex/Content/StarterContent/Particles/Materials/M_Dust_Particle.uasset" 187
"../../../Hex/Content/StarterContent/Particles/P_Ambient_Dust.uasset" 188
"../../../Hex/Content/StarterContent/Props/MaterialSphere.uasset" 189
"../../../Hex/Content/StarterContent/Props/SM_Chair.uasset" 190
"../../../Hex/Content/StarterContent/Textures/T_Frame_M.uasset" 191
"../../../Hex/Content/StarterContent/Textures/T_Frame_N.uasset" 192
"../../../Hex/Content/StarterContent/Props/Materials/M_Frame.uasset" 193
"../../../Hex/Content/StarterContent/Props/SM_CornerFrame.uasset" 194
"../../../Hex/Content/StarterContent/Props/SM_DoorFrame.uasset" 195
"../../../Hex/Content/StarterContent/Materials/M_Glass.uasset" 196
"../../../Hex/Content/StarterContent/Props/SM_GlassWindow.uasset" 197
"../../../Hex/Content/StarterContent/Props/SM_PillarFrame.uasset" 198
"../../../Hex/Content/StarterContent/Props/SM_PillarFrame300.uasset" 199
"../../../Hex/Content/StarterContent/Textures/T_Statue_M.uasset" 200
"../../../Hex/Content/StarterContent/Textures/T_Statue_N.uasset" 201
"../../../Hex/Content/StarterContent/Props/Materials/M_Statue.uasset" 202
"../../../Hex/Content/StarterContent/Props/Materials/M_StatueGlass.uasset" 203
"../../../Hex/Content/StarterContent/Props/SM_Statue.uasset" 204
"../../../Hex/Content/StarterContent/Textures/T_TableRound_M.uasset" 205
"../../../Hex/Content/StarterContent/Textures/T_TableRound_N.uasset" 206
"../../../Hex/Content/StarterContent/Props/Materials/M_TableRound.uasset" 207
"../../../Hex/Content/StarterContent/Props/SM_TableRound.uasset" 208
"../../../Hex/Content/StarterContent/Props/SM_WindowFrame.uasset" 209
"../../../Hex/Content/StarterContent/Shapes/Shape_Cube.uasset" 210
"../../../Hex/Content/StarterContent/Shapes/Shape_QuadPyramid.uasset" 211
"../../../Hex/Content/StarterContent/Shapes/Shape_Sphere.uasset" 212
"../../../Hex/Content/StarterContent/Maps/StarterMap.umap" 213
"../../../Hex/Content/assets/Skybox2.uasset" 214
"../../../Hex/Content/assets/SkyboxMat.uasset" 215
"../../../Engine/Content/EditorMaterials/Thumbnails/SkySphereMaterial.uasset" 216
"../../../Hex/Content/StarterContent/Blueprints/Assets/Skybox.uasset" 217
"../../../Hex/Content/Blueprints/Skybox.uasset" 218
"../../../Engine/Content/EditorMaterials/Cascade/CASC_Cross.uasset" 219
"../../../Engine/Content/EditorMaterials/Cascade/CASC_None.uasset" 220
"../../../Engine/Content/Functions/Engine_MaterialFunctions03/Blends/Blend_Screen.uasset" 221
"../../../Hex/Content/Blueprints/Character/fox_color.uasset" 222
"../../../Hex/Content/Blueprints/Character/fox_nm.uasset" 223
"../../../Hex/Content/Blueprints/Character/fox_spec.uasset" 224
"../../../Hex/Content/Blueprints/Character/Fox.uasset" 225
"../../../Hex/Content/Blueprints/Character/fox_rig_PhysicsAsset.uasset" 226
"../../../Hex/Content/Blueprints/Character/fox_rig.uasset" 227
"../../../Hex/Content/Blueprints/Character/fox_rig_Skeleton.uasset" 228
"../../../Hex/Content/Blueprints/Character/Animation/fox_falling.uasset" 229
"../../../Hex/Content/Blueprints/Character/Animation/fox_sit.uasset" 230
"../../../Hex/Content/Blueprints/Character/Animation/fox_sit_idle.uasset" 231
"../../../Hex/Content/Blueprints/Character/Animation/fox_stand.uasset" 232
"../../../Hex/Content/Blueprints/Character/Animation/fox_idle_to_jump.uasset" 233
"../../../Hex/Content/Blueprints/Character/Animation/fox_run_to_jump.uasset" 234
"../../../Hex/Content/ThirdPersonBP/Blueprints/IdleJumpRunJump.uasset" 235
"../../../Hex/Content/Blueprints/Character/Animation/fox_idle.uasset" 236
"../../../Hex/Content/Blueprints/Character/Animation/fox_run.uasset" 237
"../../../Hex/Content/ThirdPersonBP/Blueprints/IdleRun.uasset" 238
"../../../Hex/Content/Blueprints/Character/Animation/fox_land_to_idle.uasset" 239
"../../../Hex/Content/Blueprints/Character/Animation/fox_land_to_run.uasset" 240
"../../../Hex/Content/ThirdPersonBP/Blueprints/LandToIdleRun.uasset" 241
"../../../Hex/Content/ThirdPersonBP/Blueprints/FoxAnimBP.uasset" 242
"../../../Hex/Content/assets/InteriorEntrance.uasset" 243
"../../../Hex/Content/assets/Normal.uasset" 244
"../../../Hex/Content/assets/RocketBox.uasset" 245
"../../../Hex/Content/EffectsTemplate/Blue.uasset" 246
"../../../Engine/Content/BasicShapes/BasicShapeMaterial.uasset" 247
"../../../Engine/Content/BasicShapes/Cube.uasset" 248
"../../../Hex/Content/EffectsTemplate/Brown.uasset" 249
"../../../Hex/Content/assets/box.uasset" 250
"../../../Hex/Content/EffectsTemplate/Dark.uasset" 251
"../../../Engine/Content/EditorBlueprintResources/ActorMacros.uasset" 252
"../../../Hex/Content/GameModesLevels/GameModes/Gamestates/GS_MP.uasset" 253
"../../../Hex/Content/GameModesLevels/GameModes/Gamestates/GS_PS.uasset" 254
"../../../Hex/Content/GameModesLevels/GameModes/E_GameState.uasset" 255
"../../../Hex/Content/GameModesLevels/GameModes/Widgets/w_errorDia.uasset" 256
"../../../Hex/Content/GameModesLevels/GameModes/Widgets/w_LoadingScreen.uasset" 257
"../../../Hex/Content/GameModesLevels/GameModes/Widgets/Mainmenu.uasset" 258
"../../../Hex/Content/GameModesLevels/GameModes/Widgets/W_MainMenu.uasset" 259
"../../../Hex/Content/GameModesLevels/GameModes/Widgets/w_ServerRow.uasset" 260
"../../../Hex/Content/GameModesLevels/GameModes/Widgets/W_ServerList.uasset" 261
"../../../Hex/Content/GameModesLevels/GameModes/HexGameInstance.uasset" 262
"../../../Hex/Content/GameModesLevels/GameModes/Widgets/w_playerListRow.uasset" 263
"../../../Hex/Content/GameModesLevels/GameModes/Widgets/W_MPHUD.uasset" 264
"../../../Hex/Content/GameModesLevels/GameModes/PlayerControllers/PC_Hex.uasset" 265
"../../../Hex/Content/GameModesLevels/GameModes/HexGameMode.uasset" 266
"../../../Hex/Content/assets/darkmatter.uasset" 267
"../../../Hex/Content/assets/slomobox.uasset" 268
"../../../Hex/Content/EffectsTemplate/Yellow.uasset" 269
"../../../Hex/Content/GameModesLevels/GameModes/ControlledPawns/SpectatorPawn.uasset" 270
"../../../Engine/Content/EngineMaterials/DefaultMaterial.uasset" 271
"../../../Engine/Content/BasicShapes/Sphere.uasset" 272
"../../../Hex/Content/assets/darkmattersys.uasset" 273
"../../../Hex/Content/assets/skullkid2.uasset" 274
"../../../Hex/Content/ThirdPersonBP/Assets/monster/MonsterTorpedo.uasset" 275
"../../../Hex/Content/assets/SkullKid.uasset" 276
"../../../Hex/Content/ThirdPersonBP/Assets/monster/default.uasset" 277
"../../../Hex/Content/ThirdPersonBP/Assets/monster/tentacle_PhysicsAsset.uasset" 278
"../../../Hex/Content/ThirdPersonBP/Assets/monster/tentacle_Skeleton.uasset" 279
"../../../Hex/Content/ThirdPersonBP/Assets/monster/tentacle.uasset" 280
"../../../Hex/Content/ThirdPersonBP/Assets/monster/Monster.uasset" 281
"../../../Hex/Content/ThirdPersonBP/Assets/monster/MonsterMat.uasset" 282
"../../../Hex/Content/ThirdPersonBP/Assets/monster/Monster2.uasset" 283
"../../../Hex/Content/assets/portal1.uasset" 284
"../../../Hex/Content/assets/PortalMat.uasset" 285
"../../../Hex/Content/assets/portal_Group29169.uasset" 286
"../../../Hex/Content/assets/ObjectMat.uasset" 287
"../../../Hex/Content/assets/portal_Object.uasset" 288
"../../../Hex/Content/assets/portal_Object002.uasset" 289
"../../../Hex/Content/audio/portal_1.uasset" 290
"../../../Hex/Content/audio/PortalAmb.uasset" 291
"../../../Hex/Content/audio/PortalAttentuation.uasset" 292
"../../../Hex/Content/StarterContent/Shapes/Shape_Plane.uasset" 293
"../../../Hex/Content/Blueprints/MonsterSpawner.uasset" 294
"../../../Hex/Content/assets/Group65122Mat.uasset" 295
"../../../Hex/Content/assets/Fire2.uasset" 296
"../../../Hex/Content/ThirdPersonBP/Blueprints/FireBallShards.uasset" 297
"../../../Hex/Content/ThirdPersonBP/Blueprints/FireBall.uasset" 298
"../../../Hex/Content/assets/Fire.uasset" 299
"../../../Hex/Content/ThirdPersonBP/Blueprints/ThirdPersonCharacter.uasset" 300
"../../../Hex/Content/Blueprints/Campfire.uasset" 301
"../../../Hex/Content/assets/wood.uasset" 302
"../../../Hex/Content/Blueprints/Wood.uasset" 303
"../../../Hex/Content/assets/Normal3.uasset" 304
"../../../Hex/Content/assets/Photo-Normal.uasset" 305
"../../../Hex/Content/assets/Water.uasset" 306
"../../../Hex/Content/assets/firepit.uasset" 307
"../../../Hex/Content/assets/Floor1.uasset" 308
"../../../Hex/Content/assets/floor2.uasset" 309
"../../../Hex/Content/assets/platform3.uasset" 310
"../../../Hex/Content/assets/pylon2.uasset" 311
"../../../Hex/Content/assets/stairs1.uasset" 312
"../../../Hex/Content/assets/Tile.uasset" 313
"../../../Hex/Content/assets/wall2.uasset" 314
"../../../Hex/Content/GameModesLevels/Levels/MultiplayerLevel.umap" 315
"../../../Hex/Content/GameModesLevels/GameModes/ControlledPawns/MainMenuPawn.uasset" 316
"../../../Hex/Content/GameModesLevels/GameModes/Gamestates/GS_MainMenu.uasset" 317
"../../../Hex/Content/GameModesLevels/GameModes/PlayerControllers/PC_MainMenu.uasset" 318
"../../../Hex/Content/GameModesLevels/GameModes/MainMenuGameMode.uasset" 319
"../../../Hex/Content/assets/Normal2.uasset" 320
"../../../Hex/Content/assets/Purple.uasset" 321
"../../../Hex/Content/assets/default.uasset" 322
"../../../Hex/Content/assets/Arch_Group54125.uasset" 323
"../../../Hex/Content/assets/Arch_Group54126.uasset" 324
"../../../Hex/Content/assets/Arch_Group54128.uasset" 325
"../../../Hex/Content/assets/deer.uasset" 326
"../../../Hex/Content/assets/Displacement_map.uasset" 327
"../../../Hex/Content/assets/house02.uasset" 328
"../../../Hex/Content/assets/house1.uasset" 329
"../../../Hex/Content/assets/HOUSE5.uasset" 330
"../../../Hex/Content/assets/house2.uasset" 331
"../../../Hex/Content/assets/island.uasset" 332
"../../../Hex/Content/assets/Islandtree.uasset" 333
"../../../Hex/Content/assets/IslandTree2.uasset" 334
"../../../Hex/Content/assets/LargerPillar.uasset" 335
"../../../Hex/Content/assets/platform1_Group5871.uasset" 336
"../../../Hex/Content/assets/platform1_Object001.uasset" 337
"../../../Hex/Content/assets/platform2.uasset" 338
"../../../Hex/Content/assets/Pylon.uasset" 339
"../../../Hex/Content/assets/tree.uasset" 340
"../../../Hex/Content/assets/tree3.uasset" 341
"../../../Hex/Content/Blueprints/Character/fox_lp.uasset" 342
"../../../Hex/Content/GameModesLevels/Levels/mainmenu2.umap" 343
"../../../Engine/Content/MapTemplates/SM_Template_Map_Floor.uasset" 344
"../../../Hex/Content/testmapplisignor.umap" 345
"../../../Hex/Content/ThirdPersonBP/Blueprints/ShootMonstersGameState.uasset" 346
"../../../Hex/Content/ThirdPersonBP/Blueprints/ThirdPersonPlayerController.uasset" 347
"../../../Hex/Content/ThirdPersonBP/Blueprints/ThirdPersonGameMode.uasset" 348
"../../../Engine/Content/Maps/Entry.umap" 349
"../../../Hex/Content/StarterContent/Blueprints/Assets/FogBrightnessLUT.uasset" 350
"../../../Hex/Content/StarterContent/Blueprints/Assets/SunlightColorLUT.uasset" 351
"../../../Hex/Content/StarterContent/Blueprints/Assets/M_LightStage_Arrows.uasset" 352
"../../../Engine/Content/MapTemplates/Sky/DaylightAmbientCubemap.uasset" 353
"../../../Hex/Content/StarterContent/Blueprints/Assets/M_LightStage_Skybox_Master.uasset" 354
"../../../Hex/Content/StarterContent/Blueprints/Assets/M_LightStage_Skybox_Black.uasset" 355
"../../../Hex/Content/StarterContent/Blueprints/Assets/M_LightStage_Skybox_HDRI.uasset" 356
"../../../Hex/Content/StarterContent/Blueprints/Assets/SM_Arrows.uasset" 357
"../../../Hex/Content/StarterContent/HDRI/HDRI_Epic_Courtyard_Daylight.uasset" 358
"../../../Hex/Content/StarterContent/Blueprints/BP_LightStudio.uasset" 359
"../../../Hex/Content/StarterContent/Materials/M_AssetPlatform.uasset" 360
"../../../Engine/Content/EditorMeshes/ColorCalibrator/M_ChromeBall.uasset" 361
"../../../Engine/Content/EditorMeshes/ColorCalibrator/M_ClearCoat.uasset" 362
"../../../Engine/Content/EditorMeshes/ColorCalibrator/M_ClearCoatBlack.uasset" 363
"../../../Engine/Content/EditorMeshes/ColorCalibrator/T_ColorGrid.uasset" 364
"../../../Engine/Content/EditorMeshes/ColorCalibrator/M_ColorGrid.uasset" 365
"../../../Engine/Content/EditorMeshes/ColorCalibrator/M_GreyBall.uasset" 366
"../../../Engine/Content/EditorMeshes/ColorCalibrator/SM_ColorCalibrator.uasset" 367
"../../../Hex/Content/StarterContent/Architecture/SM_AssetPlatform.uasset" 368
"../../../Hex/Content/StarterContent/Maps/Advanced_Lighting.umap" 369
"../../../Hex/Content/ThirdPersonBP/Assets/Hex/03_-_Default.uasset" 370
"../../../Hex/Content/ThirdPersonBP/Assets/Hex/greenlight.uasset" 371
"../../../Hex/Content/ThirdPersonBP/Assets/Hex/REDLIGHT.uasset" 372
"../../../Hex/Content/ThirdPersonBP/Assets/Hex/02_-_Default.uasset" 373
"../../../Hex/Content/ThirdPersonBP/Assets/Hex/Hex.uasset" 374
"../../../Hex/Content/Menu.umap" 375
"../../../Hex/Content/Blueprints/PortalSpawn.uasset" 376
"../../../Hex/Content/assets/brokenhouse.uasset" 377
"../../../Hex/Content/assets/floor3.uasset" 378
"../../../Hex/Content/assets/house3.uasset" 379
"../../../Hex/Content/assets/stairs2.uasset" 380
"../../../Hex/Content/assets/tower.uasset" 381
"../../../Hex/Content/ThirdPersonBP/Maps/ThirdPersonExampleMap.umap" 382
"../../../Hex/Content/StarterContent/Maps/Minimal_Default.umap" 383
"../../../Hex/Content/GameModesLevels/Levels/test.umap" 384
"../../../Hex/Content/assets/Foam.uasset" 385
"../../../Hex/Content/assets/Waterfall.uasset" 386
"../../../Hex/Content/assets/CHAINS_Box003.uasset" 387
"../../../Hex/Content/assets/Deadtree1.uasset" 388
"../../../Hex/Content/assets/door.uasset" 389
"../../../Hex/Content/assets/island2.uasset" 390
"../../../Hex/Content/assets/Lamp.uasset" 391
"../../../Hex/Content/assets/Obelisk.uasset" 392
"../../../Hex/Content/assets/RockWall.uasset" 393
"../../../Hex/Content/assets/Sparkles.uasset" 394
"../../../Hex/Content/assets/stairs.uasset" 395
"../../../Hex/Content/assets/tree2.uasset" 396
"../../../Hex/Content/GameModesLevels/Levels/SingleplayerLevel.umap" 397
"../../../Hex/Content/ThirdPersonBP/Assets/Bullet/gunshot.uasset" 398
"../../../Hex/Content/Blueprints/BulletPickup.uasset" 399
"../../../Hex/Content/ThirdPersonBP/Assets/Hex/catfur.uasset" 400
"../../../Hex/Content/ThirdPersonBP/Assets/Hex/Purple.uasset" 401
"../../../Hex/Content/ThirdPersonBP/Assets/Hex/_Bolts_AlbedoM.uasset" 402
"../../../Hex/Content/ThirdPersonBP/Assets/Hex/_Bolts_Normal.uasset" 403
"../../../Hex/Content/ThirdPersonBP/Assets/Hex/hEX03_B.uasset" 404
"../../../Hex/Content/ThirdPersonBP/Assets/Hex/_Base_AlbedoM.uasset" 405
"../../../Hex/Content/ThirdPersonBP/Assets/Hex/_Base_Normal.uasset" 406
"../../../Hex/Content/ThirdPersonBP/Assets/Hex/hEX03_M.uasset" 407
"../../../Hex/Content/ThirdPersonBP/Assets/Hex/_Panels_AlbedoM.uasset" 408
"../../../Hex/Content/ThirdPersonBP/Assets/Hex/_Panels_Normal.uasset" 409
"../../../Hex/Content/ThirdPersonBP/Assets/Hex/hEX03_P.uasset" 410
"../../../Hex/Content/ThirdPersonBP/Assets/Hex/Hex03.uasset" 411
"../../../Hex/Content/Blueprints/HexBp.uasset" 412
"../../../Hex/Content/urahomolol.umap" 413
"../../../Engine/Content/EngineFonts/Roboto.uasset" 414
"../../../Engine/Content/Functions/Engine_MaterialFunctions01/Shading/PowerToRoughness.uasset" 415
"../../../Engine/Content/Functions/Engine_MaterialFunctions01/Shading/ConvertFromDiffSpec.uasset" 416
"../../../Engine/Content/EngineMaterials/DefaultDiffuse.uasset" 417
"../../../Engine/Content/EngineMaterials/DefaultDeferredDecalMaterial.uasset" 418
"../../../Engine/Content/EngineMaterials/DefaultLightFunctionMaterial.uasset" 419
"../../../Engine/Content/Functions/Engine_MaterialFunctions02/Utility/BreakOutFloat2Components.uasset" 420
"../../../Engine/Content/EngineMaterials/DefaultPostProcessMaterial.uasset" 421
"../../../Engine/Content/EngineResources/DefaultTexture.uasset" 422
"../../../Engine/Content/Functions/Engine_MaterialFunctions02/Texturing/ScreenAlignedUVs.uasset" 423
"../../../Engine/Content/EngineResources/WhiteSquareTexture.uasset" 424
"../../../Engine/Content/EngineMaterials/Widget3DPassThrough.uasset" 425
"../../../Engine/Content/EngineMaterials/Widget3DPassThrough_Translucent.uasset" 426
"../../../Engine/Content/EngineMaterials/Widget3DPassThrough_Translucent_OneSided.uasset" 427
"../../../Engine/Content/EngineMaterials/Widget3DPassThrough_Opaque.uasset" 428
"../../../Engine/Content/EngineMaterials/Widget3DPassThrough_Opaque_OneSided.uasset" 429
"../../../Engine/Content/EngineMaterials/Widget3DPassThrough_Masked.uasset" 430
"../../../Engine/Content/EngineMaterials/Widget3DPassThrough_Masked_OneSided.uasset" 431
"../../../Engine/Content/EditorResources/S_Actor.uasset" 432
"../../../Engine/Content/Maps/Templates/Thumbnails/Default.uasset" 433
"../../../Engine/Content/EditorMaterials/ParticleSystems/PSysThumbnail_NoImage.uasset" 434
"../../../Engine/Content/EditorMaterials/ParticleSystems/PSysThumbnail_OOD.uasset" 435
"../../../Engine/Content/EditorLandscapeResources/DataLayer.uasset" 436
"../../../Engine/Content/EngineDamageTypes/DmgTypeBP_Environmental.uasset" 437
"../../../Engine/Content/EngineMeshes/Sphere.uasset" 438
"../../../Engine/Content/EngineMaterials/DefaultTextMaterialOpaque.uasset" 439
"../../../Engine/Content/EditorResources/S_Trigger.uasset" 440
"../../../Engine/Content/EngineResources/GradientTexture0.uasset" 441
"../../../Engine/Content/EngineResources/Black.uasset" 442
"../../../Engine/Content/EditorMaterials/MatineeGroups/MAT_Groups_Float.uasset" 443
"../../../Engine/Content/EditorMaterials/MatineeGroups/MAT_Groups_Director.uasset" 444
"../../../Engine/Content/EditorMaterials/MatineeGroups/MAT_Groups_Event.uasset" 445
"../../../Engine/Content/EditorMaterials/MatineeGroups/MAT_Groups_Anim.uasset" 446
"../../../Engine/Content/EditorMaterials/MatineeGroups/MAT_Groups_Fade.uasset" 447
"../../../Engine/Content/EditorMaterials/MatineeGroups/MAT_Groups_Move.uasset" 448
"../../../Engine/Content/EditorMaterials/MatineeGroups/MAT_Groups_Slomo.uasset" 449
"../../../Engine/Content/EditorMaterials/MatineeGroups/MAT_ColorTrack.uasset" 450
"../../../Engine/Content/EditorMaterials/MAT_Groups_Toggle.uasset" 451
"../../../Engine/Content/EditorMaterials/MatineeGroups/MAT_Groups_AudioMaster.uasset" 452
"../../../Engine/Content/EditorMaterials/MatineeGroups/MAT_Groups_Sound.uasset" 453
"../../../Engine/Content/EditorMaterials/MatineeGroups/MAT_Groups_Vector.uasset" 454
"../../../Engine/Content/EditorMaterials/MAT_Groups_Visibility.uasset" 455
"../../../Engine/Content/EngineResources/DefaultTextureCube.uasset" 456
"../../../Engine/Content/EngineMeshes/Cylinder.uasset" 457
"../../../Engine/Content/EngineTireTypes/DefaultTireType.uasset" 458
"../../../Engine/Content/EngineResources/AICON-Red.uasset" 459
"../../../Engine/Content/EngineResources/AICON-Green.uasset" 460
"../../../Engine/Content/Tutorial/Basics/LevelEditorAttract.uasset" 461
"../../../Engine/Content/Tutorial/ContentIntroCurve.uasset" 462
"../../../Engine/Plugins/2D/Paper2D/Content/PlaceholderTextures/DummySpriteTexture.uasset" 463
"../../../Engine/Plugins/2D/Paper2D/Content/DefaultSpriteMaterial.uasset" 464
"../../../Engine/Plugins/2D/Paper2D/Content/MaskedUnlitSpriteMaterial.uasset" 465
"../../../Engine/Plugins/2D/Paper2D/Content/OpaqueUnlitSpriteMaterial.uasset" 466
"../../../Engine/Plugins/2D/Paper2D/Content/DummySpriteTexture.uasset" 467
"../../../Engine/Plugins/2D/Paper2D/Content/DummySprite.uasset" 468
"../../../Engine/Plugins/2D/Paper2D/Content/DefaultPaperTerrainMaterial.uasset" 469
"../../../Engine/Plugins/Runtime/LeapMotionController/Content/LM_CapsuleMesh.uasset" 470
"../../../Engine/Plugins/Runtime/LeapMotionController/Content/LM_TorusMesh.uasset" 471
"../../../Engine/Plugins/Runtime/LeapMotionController/Content/LM_HandColor.uasset" 472
"../../../Engine/Plugins/Runtime/LeapMotionController/Content/LM_SampleDistortion.uasset" 473
"../../../Engine/Plugins/Runtime/LeapMotionController/Content/LM_TestTexture.uasset" 474
"../../../Engine/Plugins/Runtime/LeapMotionController/Content/LM_PassthroughMaterial.uasset" 475
"../../../Engine/Content/EngineMaterials/RemoveSurfaceMaterial.uasset" 476
"../../../Engine/Content/EngineDebugMaterials/DebugMeshMaterial.uasset" 477
"../../../Engine/Content/EngineMaterials/InvalidLightmapSettings.uasset" 478
"../../../Engine/Content/EngineMaterials/M_InvalidLightmapSettings.uasset" 479
"../../../Engine/Content/EditorMaterials/GizmoMaterial.uasset" 480
"../../../Engine/Content/EngineMaterials/Good64x64TilingNoiseHighFreq.uasset" 481
"../../../Engine/Content/EngineMaterials/DefaultBokeh.uasset" 482
"../../../Engine/Content/EngineMaterials/PreintegratedSkinBRDF.uasset" 483
"../../../Engine/Content/EngineMaterials/MiniFont.uasset" 484
"../../../Engine/Content/EngineMaterials/WeightMapPlaceholderTexture.uasset" 485
"../../../Engine/Content/EngineMaterials/DefaultWhiteGrid.uasset" 486
"../../../Engine/Content/EngineMaterials/DefaultPhysicalMaterial.uasset" 487
"../../../Engine/Content/EngineFonts/RobotoTiny.uasset" 488
"../../../Engine/Content/EditorResources/LightIcons/S_LightError.uasset" 489
"../../../Engine/Content/EditorResources/AudioIcons/S_AudioComponent_AutoActivate.uasset" 490
"../../../Engine/Content/MobileResources/HUD/MobileHUDButton2_off.uasset" 491
"../../../Engine/Content/MobileResources/HUD/MobileHUDButton2_on.uasset" 492
"../../../Hex/Content/ThirdPersonBP/Assets/Hex/_Fire_Normal.uasset" 493
"../../../Engine/Content/MobileResources/T_MobileMenu2.uasset" 494
"../../../Engine/Content/MobileResources/HUD/MobileHUDButtonFire.uasset" 495
"../../../Hex/Content/ThirdPersonBP/Assets/Hex/_Fire_AlbedoM.uasset" 496
"../../../Engine/Content/EditorResources/EmptyActor.uasset" 497
"../../../Hex/Content/ThirdPersonBP/Assets/Hex/_Top_AlbedoM.uasset" 498
"../../../Engine/Content/MobileResources/HUD/MobileHUDDirectionPad3.uasset" 499
"../../../Engine/Content/MobileResources/T_MobileControls_texture.uasset" 500
"../../../Hex/Content/assets/CHAINS_Box002.uasset" 501
"../../../Engine/Content/MobileResources/HUD/MobileHUDDirectionPad2.uasset" 502
"../../../Engine/Content/MobileResources/HUD/MobileHUDButton3.uasset" 503
"../../../Engine/Content/MobileResources/HUD/T_Castle_ThumbstickInner.uasset" 504
"../../../Engine/Content/MobileResources/HUD/AnalogHat.uasset" 505
"../../../Engine/Content/MobileResources/HUD/VirtualJoystick_Background.uasset" 506
"../../../Engine/Content/MobileResources/HUD/VirtualJoystick_Thumb.uasset" 507
"../../../Engine/Content/MobileResources/HUD/DefaultVirtualJoysticks.uasset" 508
"../../../Engine/Content/MobileResources/HUD/T_Castle_ThumbstickOutter.uasset" 509
"../../../Engine/Content/MobileResources/HUD/LeftVirtualJoystickOnly.uasset" 510
"../../../Engine/Content/MobileResources/HUD/MobileHUDButton1_on.uasset" 511
"../../../Engine/Content/EditorMaterials/PhAT_JointLimitMaterial.uasset" 512
"../../../Engine/Content/EditorMaterials/PreviewShadowIndicator.uasset" 513
"../../../Engine/Content/EditorMaterials/PreviewShadowIndicatorMaterial.uasset" 514
"../../../Engine/Content/EditorResources/BSPVertex.uasset" 515
"../../../Engine/Content/EditorResources/AudioIcons/S_AudioComponent.uasset" 516
"../../../Engine/Content/EngineDebugMaterials/HeatmapGradient.uasset" 517
"../../../Engine/Content/EngineDebugMaterials/BoneWeightMaterial.uasset" 518
"../../../Engine/Content/EngineDebugMaterials/GeomMaterial.uasset" 519
"../../../Engine/Content/EngineMaterials/EditorBrushMaterial.uasset" 520
"../../../Engine/Content/MobileResources/HUD/MobileHUDButton1_off.uasset" 521
"../../../Engine/Content/MobileResources/HUD/MobileHUDDirectionPad.uasset" 522
"../../../Engine/Content/MobileResources/HUD/MobileHUDDirectionStick.uasset" 523
"../../../Engine/Content/Tutorial/Basics/TutorialAssets/icon_tab_Levels_40x.uasset" 524
"../../../Engine/Content/Tutorial/Basics/LevelEditorOverview.uasset" 525
"../../../Engine/Content/Tutorial/BlueprintTutorials/TutorialAssets/Blueprint_64x.uasset" 526
"../../../Engine/Content/Tutorial/BlueprintTutorials/BlueprintEditorTutorial.uasset" 527
"../../../Engine/Content/Tutorial/BlueprintTutorials/TutorialAssets/BlueprintInterface_64x.uasset" 528
"../../../Engine/Content/Tutorial/BlueprintTutorials/TutorialAssets/Tutorial_BP_Interface.uasset" 529
"../../../Engine/Content/Tutorial/BlueprintTutorials/BlueprintInterfacesEditorOverview.uasset" 530
"../../../Engine/Content/Tutorial/BlueprintTutorials/TutorialAssets/BlueprintMacroLibrary_64x.uasset" 531
"../../../Engine/Content/Tutorial/BlueprintTutorials/TutorialAssets/Tutorial_BP_MacroLib.uasset" 532
"../../../Engine/Content/Tutorial/BlueprintTutorials/BlueprintMacroLibrariesEditorOverview.uasset" 533
"../../../Engine/Content/Tutorial/BlueprintTutorials/LevelBlueprintEditorOverview.uasset" 534
"../../../Engine/Content/Tutorial/Foliage/TutorialAssets/Foliage.uasset" 535
"../../../Engine/Content/Tutorial/Foliage/Foliage_Settings_Tutorial.uasset" 536
"../../../Engine/Content/Tutorial/Foliage/Foliage_Using_The_Tool_Tutorial.uasset" 537
"../../../Engine/Content/Tutorial/Foliage/Foliage_Intro_Tutorial.uasset" 538
"../../../Engine/Content/Tutorial/Landscape/TutorialAssets/Landscape.uasset" 539
"../../../Engine/Content/Tutorial/Landscape/Landscape_Painting_Mode.uasset" 540
"../../../Engine/Content/Tutorial/Landscape/Landscape_Sculpt_Mode.uasset" 541
"../../../Engine/Content/Tutorial/Landscape/Landscape_Manage_Mode.uasset" 542
"../../../Engine/Content/Tutorial/Paper2D/TutorialAssets/Paper2DFlipbook_TutorialIcon.uasset" 543
"../../../Engine/Content/Tutorial/Paper2D/FlipbookEditorTutorial.uasset" 544
"../../../Engine/Content/Tutorial/Paper2D/TutorialAssets/Paper2DSprite_TutorialIcon.uasset" 545
"../../../Engine/Content/Tutorial/Paper2D/SpriteEditorTutorial.uasset" 546
"../../../Engine/Content/EditorMeshes/EditorCube.uasset" 547
"../../../Engine/Content/Tutorial/SubEditors/TutorialAssets/Tutorial_DM.uasset" 548
"../../../Engine/Content/Tutorial/SubEditors/DestructibleMeshEditorTutorial.uasset" 549
"../../../Engine/Content/Tutorial/SubEditors/TutorialAssets/TutorialMaterial.uasset" 550
"../../../Engine/Content/Tutorial/SubEditors/MaterialEditorTutorial.uasset" 551
"../../../Engine/Content/Tutorial/SubEditors/TutorialAssets/T_SmokeSubUV_8X8.uasset" 552
"../../../Engine/Content/Tutorial/SubEditors/TutorialAssets/T_soft_smoke.uasset" 553
"../../../Engine/Content/Tutorial/SubEditors/TutorialAssets/M_smoke_subUV_blackbody.uasset" 554
"../../../Engine/Content/Tutorial/SubEditors/TutorialAssets/TutorialParticleSystem.uasset" 555
"../../../Engine/Content/Tutorial/SubEditors/ParticleSystemEditorTutorial.uasset" 556
"../../../Engine/Content/Tutorial/SubEditors/TutorialAssets/icon_ShowSkeletalMeshes_40x.uasset" 557
"../../../Engine/Content/Tutorial/SubEditors/TutorialAssets/Character/TutorialTPP_Mat.uasset" 558
"../../../Engine/Content/Tutorial/SubEditors/TutorialAssets/Character/TutorialTPP_PhysicsAsset.uasset" 559
"../../../Engine/Content/Tutorial/SubEditors/TutorialAssets/Character/TutorialTPP.uasset" 560
"../../../Engine/Content/Tutorial/SubEditors/TutorialAssets/Character/TutorialTPP_Skeleton.uasset" 561
"../../../Engine/Content/Tutorial/SubEditors/TutorialAssets/Character/Tutorial_Idle.uasset" 562
"../../../Engine/Content/Tutorial/SubEditors/TutorialAssets/Character/Tutorial_Walk_Fwd.uasset" 563
"../../../Engine/Content/Tutorial/SubEditors/TutorialAssets/Character/NewBlendSpace1D.uasset" 564
"../../../Engine/Content/Tutorial/SubEditors/TutorialAssets/Character/TutorialCharacter.uasset" 565
"../../../Engine/Content/Tutorial/SubEditors/TutorialAssets/Character/TutorialTPP_AnimBlueprint.uasset" 566
"../../../Engine/Content/Tutorial/SubEditors/PersonaAnimBlueprintEditorWalkthrough.uasset" 567
"../../../Engine/Content/Tutorial/SubEditors/PersonaAnimEditorWalkthrough.uasset" 568
"../../../Engine/Content/EngineMeshes/Cube.uasset" 569
"../../../Engine/Content/Tutorial/SubEditors/StaticMeshEditorTutorial.uasset" 570
"../../../Engine/Content/Tutorial/SubEditors/TutorialAssets/icon_Editor_Preferences_General_40x.uasset" 571
"../../../Hex/Content/assets/AmbientOcc.uasset" 572
"../../../Hex/Content/assets/crystal.uasset" 573
"../../../Hex/Content/assets/Dirt.uasset" 574
"../../../Hex/Content/assets/FoxTest.uasset" 575
"../../../Hex/Content/assets/Group12619Mat.uasset" 576
"../../../Hex/Content/assets/Group35754Mat.uasset" 577
"../../../Hex/Content/assets/Group62680Mat.uasset" 578
"../../../Hex/Content/assets/house4.uasset" 579
"../../../Hex/Content/assets/NewMaterial.uasset" 580
"../../../Hex/Content/assets/Intromusic.uasset" 581
"../../../Hex/Content/assets/NewSoundCue.uasset" 582
"../../../Hex/Content/assets/Object002Mat.uasset" 583
"../../../Hex/Content/assets/SkullKid_PhysicsAsset.uasset" 584
"../../../Hex/Content/assets/SkullKid_Skeleton.uasset" 585
"../../../Hex/Content/assets/Skybox.uasset" 586
"../../../Hex/Content/assets/WallPiece1.uasset" 587
"../../../Hex/Content/assets/wolf_____1Mat.uasset" 588
"../../../Hex/Content/assets/wolf.uasset" 589
"../../../Hex/Content/Blueprints/falketest.uasset" 590
"../../../Hex/Content/Blueprints/Character/fox_rig_Anim.uasset" 591
"../../../Hex/Content/Blueprints/Character/fox_shdr.uasset" 592
"../../../Hex/Content/Blueprints/Character/Animation/fox_jump.uasset" 593
"../../../Hex/Content/Blueprints/Character/Animation/fox_run_jump.uasset" 594
"../../../Hex/Content/Blueprints/Character/Animation/fox_run_left.uasset" 595
"../../../Hex/Content/Blueprints/Character/Animation/fox_run_right.uasset" 596
"../../../Hex/Content/Blueprints/Character/Animation/fox_shoot.uasset" 597
"../../../Hex/Content/Blueprints/Character/Animation/fox_stand_to_jump.uasset" 598
"../../../Hex/Content/Blueprints/Character/Animation/fox_strafe_left.uasset" 599
"../../../Hex/Content/Blueprints/Character/Animation/fox_strafe_right.uasset" 600
"../../../Hex/Content/StarterContent/Architecture/Pillar_50x500.uasset" 601
"../../../Hex/Content/StarterContent/Architecture/Wall_400x300.uasset" 602
"../../../Hex/Content/StarterContent/Architecture/Wall_400x400.uasset" 603
"../../../Hex/Content/StarterContent/Architecture/Wall_500x500.uasset" 604
"../../../Hex/Content/StarterContent/Architecture/Wall_Door_400x400.uasset" 605
"../../../Hex/Content/StarterContent/Architecture/Wall_Window_400x400.uasset" 606
"../../../Hex/Content/StarterContent/Audio/Light01.uasset" 607
"../../../Hex/Content/StarterContent/Audio/Light01_Cue.uasset" 608
"../../../Hex/Content/StarterContent/Audio/Light02.uasset" 609
"../../../Hex/Content/StarterContent/Audio/Light02_Cue.uasset" 610
"../../../Hex/Content/StarterContent/Audio/Explosion01.uasset" 611
"../../../Hex/Content/StarterContent/Audio/Explosion02.uasset" 612
"../../../Hex/Content/StarterContent/Audio/Explosion_Cue.uasset" 613
"../../../Hex/Content/StarterContent/Textures/T_Burst_M.uasset" 614
"../../../Hex/Content/StarterContent/Particles/Materials/M_Burst.uasset" 615
"../../../Hex/Content/StarterContent/Textures/T_Explosion_SubUV.uasset" 616
"../../../Hex/Content/StarterContent/Particles/Materials/M_explosion_subUV.uasset" 617
"../../../Hex/Content/StarterContent/Particles/Materials/m_flare_01.uasset" 618
"../../../Hex/Content/StarterContent/Particles/Materials/M_radial_ramp.uasset" 619
"../../../Hex/Content/StarterContent/Particles/P_Explosion.uasset" 620
"../../../Hex/Content/StarterContent/Blueprints/Blueprint_Effect_Explosion.uasset" 621
"../../../Hex/Content/StarterContent/Materials/M_ColorGrid_LowSpec.uasset" 622
"../../../Hex/Content/StarterContent/Textures/T_Bush_D.uasset" 623
"../../../Hex/Content/StarterContent/Textures/T_Bush_N.uasset" 624
"../../../Hex/Content/StarterContent/Props/Materials/M_Bush.uasset" 625
"../../../Hex/Content/StarterContent/Props/SM_Bush.uasset" 626
"../../../Hex/Content/StarterContent/Props/SM_Couch.uasset" 627
"../../../Hex/Content/StarterContent/Textures/T_Door_M.uasset" 628
"../../../Hex/Content/StarterContent/Textures/T_Door_N.uasset" 629
"../../../Hex/Content/StarterContent/Props/Materials/M_Door.uasset" 630
"../../../Hex/Content/StarterContent/Props/SM_Door.uasset" 631
"../../../Hex/Content/StarterContent/Props/Materials/M_MaterialSphere.uasset" 632
"../../../Hex/Content/StarterContent/Props/Materials/M_MaterialSphere_Plain.uasset" 633
"../../../Hex/Content/StarterContent/Props/SM_MatPreviewMesh_02.uasset" 634
"../../../Hex/Content/StarterContent/Textures/T_RockMesh_M.uasset" 635
"../../../Hex/Content/StarterContent/Textures/T_RockMesh_N.uasset" 636
"../../../Hex/Content/StarterContent/Props/Materials/M_Rock.uasset" 637
"../../../Hex/Content/StarterContent/Props/SM_Rock.uasset" 638
"../../../Hex/Content/StarterContent/Textures/T_Shelf_M.uasset" 639
"../../../Hex/Content/StarterContent/Textures/T_Shelf_N.uasset" 640
"../../../Hex/Content/StarterContent/Props/Materials/M_Shelf.uasset" 641
"../../../Hex/Content/StarterContent/Props/SM_Shelf.uasset" 642
"../../../Hex/Content/StarterContent/Props/SM_Stairs.uasset" 643
"../../../Hex/Content/StarterContent/Shapes/Shape_Cone.uasset" 644
"../../../Hex/Content/StarterContent/Shapes/Shape_Cylinder.uasset" 645
"../../../Hex/Content/StarterContent/Shapes/Shape_NarrowCapsule.uasset" 646
"../../../Hex/Content/StarterContent/Shapes/Shape_Pipe.uasset" 647
"../../../Hex/Content/StarterContent/Shapes/Shape_Pipe_180.uasset" 648
"../../../Hex/Content/StarterContent/Shapes/Shape_Pipe_90.uasset" 649
"../../../Hex/Content/StarterContent/Shapes/Shape_Torus.uasset" 650
"../../../Hex/Content/StarterContent/Shapes/Shape_Trim.uasset" 651
"../../../Hex/Content/StarterContent/Shapes/Shape_Trim_90_In.uasset" 652
"../../../Hex/Content/StarterContent/Shapes/Shape_Trim_90_Out.uasset" 653
"../../../Hex/Content/StarterContent/Shapes/Shape_TriPyramid.uasset" 654
"../../../Hex/Content/StarterContent/Shapes/Shape_Tube.uasset" 655
"../../../Hex/Content/StarterContent/Shapes/Shape_Wedge_A.uasset" 656
"../../../Hex/Content/StarterContent/Shapes/Shape_Wedge_B.uasset" 657
"../../../Hex/Content/StarterContent/Shapes/Shape_WideCapsule.uasset" 658
"../../../Hex/Content/ThirdPersonBP/ThirdPersonOverview.uasset" 659
"../../../Hex/Content/ThirdPersonBP/Assets/Bullet/gunshotBP.uasset" 660
"../../../Hex/Content/ThirdPersonBP/Assets/Hex/_Top_Normal.uasset" 661
"../../../Hex/Content/ThirdPersonBP/Blueprints/BulletCount.uasset" 662
"../../../Hex/Content/ThirdPersonBP/Maps/HUD.uasset" 663
"../../../Hex/Content/ThirdPersonBP/Maps/Menu.uasset" 664
